# JRE version: OpenJDK Runtime Environment Temurin-17.0.13+11 (17.0.13+11) (build 17.0.13+11)
# Java VM: OpenJDK 64-Bit Server VM Temurin-17.0.13+11 (17.0.13+11, mixed mode, tiered, compressed oops, compressed class ptrs, parallel gc, linux-amd64)
GC Precious Log:
 CPUs: 4 total, 4 available
 Memory: 7822M
 Large Page Support: Disabled
 NUMA Support: Disabled
 Compressed Oops: Enabled (32-bit)
 Alignments: Space 512K, Generation 512K, Heap 2M
 Heap Min Capacity: 100M
 Heap Initial Capacity: 100M
 Heap Max Capacity: 1G
 Pre-touch: Disabled
 Parallel Workers: 4
Heap:
 PSYoungGen      total 48128K, used 47677K [0x00000000eab00000, 0x00000000eed00000, 0x0000000100000000)
  eden space 38400K, 100% used [0x00000000eab00000,0x00000000ed080000,0x00000000ed080000)
  from space 9728K, 95% used [0x00000000ee380000,0x00000000eec8f658,0x00000000eed00000)
  to   space 12288K, 0% used [0x00000000ed500000,0x00000000ed500000,0x00000000ee100000)
 ParOldGen       total 409088K, used 399622K [0x00000000c0000000, 0x00000000d8f80000, 0x00000000eab00000)
  object space 409088K, 97% used [0x00000000c0000000,0x00000000d8641998,0x00000000d8f80000)
 Metaspace       used 78726K, committed 80128K, reserved 1179648K
  class space    used 9588K, committed 10240K, reserved 1048576K
GC Heap History (20 events):
Event: 1012.342 GC heap after
{Heap after GC invocations=192 (full 9):
 PSYoungGen      total 36864K, used 8177K [0x00000000eab00000, 0x00000000ee000000, 0x0000000100000000)
  eden space 28672K, 0% used [0x00000000eab00000,0x00000000eab00000,0x00000000ec700000)
  from space 8192K, 99% used [0x00000000ec780000,0x00000000ecf7c7f8,0x00000000ecf80000)
  to   space 12800K, 0% used [0x00000000ed380000,0x00000000ed380000,0x00000000ee000000)
 ParOldGen       total 409088K, used 332528K [0x00000000c0000000, 0x00000000d8f80000, 0x00000000eab00000)
  object space 409088K, 81% used [0x00000000c0000000,0x00000000d44bc250,0x00000000d8f80000)
 Metaspace       used 78724K, committed 80128K, reserved 1179648K
  class space    used 9588K, committed 10240K, reserved 1048576K
}
Event: 1012.461 GC heap before
{Heap before GC invocations=193 (full 9):
 PSYoungGen      total 36864K, used 36849K [0x00000000eab00000, 0x00000000ee000000, 0x0000000100000000)
  eden space 28672K, 100% used [0x00000000eab00000,0x00000000ec700000,0x00000000ec700000)
  from space 8192K, 99% used [0x00000000ec780000,0x00000000ecf7c7f8,0x00000000ecf80000)
  to   space 12800K, 0% used [0x00000000ed380000,0x00000000ed380000,0x00000000ee000000)
 ParOldGen       total 409088K, used 332528K [0x00000000c0000000, 0x00000000d8f80000, 0x00000000eab00000)
  object space 409088K, 81% used [0x00000000c0000000,0x00000000d44bc250,0x00000000d8f80000)
 Metaspace       used 78724K, committed 80128K, reserved 1179648K
  class space    used 9588K, committed 10240K, reserved 1048576K
}
Event: 1012.483 GC heap after
{Heap after GC invocations=193 (full 9):
 PSYoungGen      total 38400K, used 6909K [0x00000000eab00000, 0x00000000eda80000, 0x0000000100000000)
  eden space 31232K, 0% used [0x00000000eab00000,0x00000000eab00000,0x00000000ec980000)
  from space 7168K, 96% used [0x00000000ed380000,0x00000000eda3f628,0x00000000eda80000)
  to   space 8704K, 0% used [0x00000000ec980000,0x00000000ec980000,0x00000000ed200000)
 ParOldGen       total 409088K, used 340130K [0x00000000c0000000, 0x00000000d8f80000, 0x00000000eab00000)
  object space 409088K, 83% used [0x00000000c0000000,0x00000000d4c28a78,0x00000000d8f80000)
 Metaspace       used 78724K, committed 80128K, reserved 1179648K
  class space    used 9588K, committed 10240K, reserved 1048576K
}
Event: 1012.594 GC heap before
{Heap before GC invocations=194 (full 9):
 PSYoungGen      total 38400K, used 38141K [0x00000000eab00000, 0x00000000eda80000, 0x0000000100000000)
  eden space 31232K, 100% used [0x00000000eab00000,0x00000000ec980000,0x00000000ec980000)
  from space 7168K, 96% used [0x00000000ed380000,0x00000000eda3f628,0x00000000eda80000)
  to   space 8704K, 0% used [0x00000000ec980000,0x00000000ec980000,0x00000000ed200000)
 ParOldGen       total 409088K, used 340130K [0x00000000c0000000, 0x00000000d8f80000, 0x00000000eab00000)
  object space 409088K, 83% used [0x00000000c0000000,0x00000000d4c28a78,0x00000000d8f80000)
 Metaspace       used 78725K, committed 80128K, reserved 1179648K
  class space    used 9588K, committed 10240K, reserved 1048576K
}
Event: 1012.603 GC heap after
{Heap after GC invocations=194 (full 9):
 PSYoungGen      total 39936K, used 8694K [0x00000000eab00000, 0x00000000eea80000, 0x0000000100000000)
  eden space 31232K, 0% used [0x00000000eab00000,0x00000000eab00000,0x00000000ec980000)
  from space 8704K, 99% used [0x00000000ec980000,0x00000000ed1fd9f8,0x00000000ed200000)
  to   space 15360K, 0% used [0x00000000edb80000,0x00000000edb80000,0x00000000eea80000)
 ParOldGen       total 409088K, used 345100K [0x00000000c0000000, 0x00000000d8f80000, 0x00000000eab00000)
  object space 409088K, 84% used [0x00000000c0000000,0x00000000d5103290,0x00000000d8f80000)
 Metaspace       used 78725K, committed 80128K, reserved 1179648K
  class space    used 9588K, committed 10240K, reserved 1048576K
}
Event: 1012.724 GC heap before
{Heap before GC invocations=195 (full 9):
 PSYoungGen      total 39936K, used 39926K [0x00000000eab00000, 0x00000000eea80000, 0x0000000100000000)
  eden space 31232K, 100% used [0x00000000eab00000,0x00000000ec980000,0x00000000ec980000)
  from space 8704K, 99% used [0x00000000ec980000,0x00000000ed1fd9f8,0x00000000ed200000)
  to   space 15360K, 0% used [0x00000000edb80000,0x00000000edb80000,0x00000000eea80000)
 ParOldGen       total 409088K, used 345100K [0x00000000c0000000, 0x00000000d8f80000, 0x00000000eab00000)
  object space 409088K, 84% used [0x00000000c0000000,0x00000000d5103290,0x00000000d8f80000)
 Metaspace       used 78725K, committed 80128K, reserved 1179648K
  class space    used 9588K, committed 10240K, reserved 1048576K
}
Event: 1012.743 GC heap after
{Heap after GC invocations=195 (full 9):
 PSYoungGen      total 41472K, used 6955K [0x00000000eab00000, 0x00000000ee280000, 0x0000000100000000)
  eden space 34304K, 0% used [0x00000000eab00000,0x00000000eab00000,0x00000000ecc80000)
  from space 7168K, 97% used [0x00000000edb80000,0x00000000ee24aeb8,0x00000000ee280000)
  to   space 9728K, 0% used [0x00000000ecf80000,0x00000000ecf80000,0x00000000ed900000)
 ParOldGen       total 409088K, used 353417K [0x00000000c0000000, 0x00000000d8f80000, 0x00000000eab00000)
  object space 409088K, 86% used [0x00000000c0000000,0x00000000d59225b0,0x00000000d8f80000)
 Metaspace       used 78725K, committed 80128K, reserved 1179648K
  class space    used 9588K, committed 10240K, reserved 1048576K
}
Event: 1013.094 GC heap before
{Heap before GC invocations=196 (full 9):
 PSYoungGen      total 41472K, used 41259K [0x00000000eab00000, 0x00000000ee280000, 0x0000000100000000)
  eden space 34304K, 100% used [0x00000000eab00000,0x00000000ecc80000,0x00000000ecc80000)
  from space 7168K, 97% used [0x00000000edb80000,0x00000000ee24aeb8,0x00000000ee280000)
  to   space 9728K, 0% used [0x00000000ecf80000,0x00000000ecf80000,0x00000000ed900000)
 ParOldGen       total 409088K, used 353417K [0x00000000c0000000, 0x00000000d8f80000, 0x00000000eab00000)
  object space 409088K, 86% used [0x00000000c0000000,0x00000000d59225b0,0x00000000d8f80000)
 Metaspace       used 78725K, committed 80128K, reserved 1179648K
  class space    used 9588K, committed 10240K, reserved 1048576K
}
Event: 1013.108 GC heap after
{Heap after GC invocations=196 (full 9):
 PSYoungGen      total 47104K, used 9716K [0x00000000eab00000, 0x00000000eee80000, 0x0000000100000000)
  eden space 37376K, 0% used [0x00000000eab00000,0x00000000eab00000,0x00000000ecf80000)
  from space 9728K, 99% used [0x00000000ecf80000,0x00000000ed8fd0f8,0x00000000ed900000)
  to   space 15872K, 0% used [0x00000000edf00000,0x00000000edf00000,0x00000000eee80000)
 ParOldGen       total 409088K, used 358043K [0x00000000c0000000, 0x00000000d8f80000, 0x00000000eab00000)
  object space 409088K, 87% used [0x00000000c0000000,0x00000000d5da6fd8,0x00000000d8f80000)
 Metaspace       used 78725K, committed 80128K, reserved 1179648K
  class space    used 9588K, committed 10240K, reserved 1048576K
}
Event: 1018.657 GC heap before
{Heap before GC invocations=197 (full 9):
 PSYoungGen      total 47104K, used 47092K [0x00000000eab00000, 0x00000000eee80000, 0x0000000100000000)
  eden space 37376K, 100% used [0x00000000eab00000,0x00000000ecf80000,0x00000000ecf80000)
  from space 9728K, 99% used [0x00000000ecf80000,0x00000000ed8fd0f8,0x00000000ed900000)
  to   space 15872K, 0% used [0x00000000edf00000,0x00000000edf00000,0x00000000eee80000)
 ParOldGen       total 409088K, used 358043K [0x00000000c0000000, 0x00000000d8f80000, 0x00000000eab00000)
  object space 409088K, 87% used [0x00000000c0000000,0x00000000d5da6fd8,0x00000000d8f80000)
 Metaspace       used 78725K, committed 80128K, reserved 1179648K
  class space    used 9588K, committed 10240K, reserved 1048576K
}
Event: 1018.783 GC heap after
{Heap after GC invocations=197 (full 9):
 PSYoungGen      total 49152K, used 8088K [0x00000000eab00000, 0x00000000ee780000, 0x0000000100000000)
  eden space 40448K, 0% used [0x00000000eab00000,0x00000000eab00000,0x00000000ed280000)
  from space 8704K, 92% used [0x00000000edf00000,0x00000000ee6e6168,0x00000000ee780000)
  to   space 10752K, 0% used [0x00000000ed280000,0x00000000ed280000,0x00000000edd00000)
 ParOldGen       total 409088K, used 367345K [0x00000000c0000000, 0x00000000d8f80000, 0x00000000eab00000)
  object space 409088K, 89% used [0x00000000c0000000,0x00000000d66bc428,0x00000000d8f80000)
 Metaspace       used 78725K, committed 80128K, reserved 1179648K
  class space    used 9588K, committed 10240K, reserved 1048576K
}
Event: 1020.016 GC heap before
{Heap before GC invocations=198 (full 9):
 PSYoungGen      total 49152K, used 48536K [0x00000000eab00000, 0x00000000ee780000, 0x0000000100000000)
  eden space 40448K, 100% used [0x00000000eab00000,0x00000000ed280000,0x00000000ed280000)
  from space 8704K, 92% used [0x00000000edf00000,0x00000000ee6e6168,0x00000000ee780000)
  to   space 10752K, 0% used [0x00000000ed280000,0x00000000ed280000,0x00000000edd00000)
 ParOldGen       total 409088K, used 367345K [0x00000000c0000000, 0x00000000d8f80000, 0x00000000eab00000)
  object space 409088K, 89% used [0x00000000c0000000,0x00000000d66bc428,0x00000000d8f80000)
 Metaspace       used 78725K, committed 80128K, reserved 1179648K
  class space    used 9588K, committed 10240K, reserved 1048576K
}
Event: 1020.254 GC heap after
{Heap after GC invocations=198 (full 9):
 PSYoungGen      total 50688K, used 10735K [0x00000000eab00000, 0x00000000ef500000, 0x0000000100000000)
  eden space 39936K, 0% used [0x00000000eab00000,0x00000000eab00000,0x00000000ed200000)
  from space 10752K, 99% used [0x00000000ed280000,0x00000000edcfbff8,0x00000000edd00000)
  to   space 17920K, 0% used [0x00000000ee380000,0x00000000ee380000,0x00000000ef500000)
 ParOldGen       total 409088K, used 372856K [0x00000000c0000000, 0x00000000d8f80000, 0x00000000eab00000)
  object space 409088K, 91% used [0x00000000c0000000,0x00000000d6c1e220,0x00000000d8f80000)
 Metaspace       used 78725K, committed 80128K, reserved 1179648K
  class space    used 9588K, committed 10240K, reserved 1048576K
}
Event: 1020.512 GC heap before
{Heap before GC invocations=199 (full 9):
 PSYoungGen      total 50688K, used 50671K [0x00000000eab00000, 0x00000000ef500000, 0x0000000100000000)
  eden space 39936K, 100% used [0x00000000eab00000,0x00000000ed200000,0x00000000ed200000)
  from space 10752K, 99% used [0x00000000ed280000,0x00000000edcfbff8,0x00000000edd00000)
  to   space 17920K, 0% used [0x00000000ee380000,0x00000000ee380000,0x00000000ef500000)
 ParOldGen       total 409088K, used 372856K [0x00000000c0000000, 0x00000000d8f80000, 0x00000000eab00000)
  object space 409088K, 91% used [0x00000000c0000000,0x00000000d6c1e220,0x00000000d8f80000)
 Metaspace       used 78725K, committed 80128K, reserved 1179648K
  class space    used 9588K, committed 10240K, reserved 1048576K
}
Event: 1020.534 GC heap after
{Heap after GC invocations=199 (full 9):
 PSYoungGen      total 48128K, used 8516K [0x00000000eab00000, 0x00000000eec00000, 0x0000000100000000)
  eden space 39424K, 0% used [0x00000000eab00000,0x00000000eab00000,0x00000000ed180000)
  from space 8704K, 97% used [0x00000000ee380000,0x00000000eebd1218,0x00000000eec00000)
  to   space 11776K, 0% used [0x00000000ed500000,0x00000000ed500000,0x00000000ee080000)
 ParOldGen       total 409088K, used 383009K [0x00000000c0000000, 0x00000000d8f80000, 0x00000000eab00000)
  object space 409088K, 93% used [0x00000000c0000000,0x00000000d7608788,0x00000000d8f80000)
 Metaspace       used 78725K, committed 80128K, reserved 1179648K
  class space    used 9588K, committed 10240K, reserved 1048576K
}
Event: 1020.870 GC heap before
{Heap before GC invocations=200 (full 9):
 PSYoungGen      total 48128K, used 47940K [0x00000000eab00000, 0x00000000eec00000, 0x0000000100000000)
  eden space 39424K, 100% used [0x00000000eab00000,0x00000000ed180000,0x00000000ed180000)
  from space 8704K, 97% used [0x00000000ee380000,0x00000000eebd1218,0x00000000eec00000)
  to   space 11776K, 0% used [0x00000000ed500000,0x00000000ed500000,0x00000000ee080000)
 ParOldGen       total 409088K, used 383009K [0x00000000c0000000, 0x00000000d8f80000, 0x00000000eab00000)
  object space 409088K, 93% used [0x00000000c0000000,0x00000000d7608788,0x00000000d8f80000)
 Metaspace       used 78725K, committed 80128K, reserved 1179648K
  class space    used 9588K, committed 10240K, reserved 1048576K
}
Event: 1020.885 GC heap after
{Heap after GC invocations=200 (full 9):
 PSYoungGen      total 50688K, used 11764K [0x00000000eab00000, 0x00000000ef600000, 0x0000000100000000)
  eden space 38912K, 0% used [0x00000000eab00000,0x00000000eab00000,0x00000000ed100000)
  from space 11776K, 99% used [0x00000000ed500000,0x00000000ee07d3f0,0x00000000ee080000)
  to   space 18944K, 0% used [0x00000000ee380000,0x00000000ee380000,0x00000000ef600000)
 ParOldGen       total 409088K, used 388541K [0x00000000c0000000, 0x00000000d8f80000, 0x00000000eab00000)
  object space 409088K, 94% used [0x00000000c0000000,0x00000000d7b6f410,0x00000000d8f80000)
 Metaspace       used 78725K, committed 80128K, reserved 1179648K
  class space    used 9588K, committed 10240K, reserved 1048576K
}
Event: 1021.278 GC heap before
{Heap before GC invocations=201 (full 9):
 PSYoungGen      total 50688K, used 50676K [0x00000000eab00000, 0x00000000ef600000, 0x0000000100000000)
  eden space 38912K, 100% used [0x00000000eab00000,0x00000000ed100000,0x00000000ed100000)
  from space 11776K, 99% used [0x00000000ed500000,0x00000000ee07d3f0,0x00000000ee080000)
  to   space 18944K, 0% used [0x00000000ee380000,0x00000000ee380000,0x00000000ef600000)
 ParOldGen       total 409088K, used 388541K [0x00000000c0000000, 0x00000000d8f80000, 0x00000000eab00000)
  object space 409088K, 94% used [0x00000000c0000000,0x00000000d7b6f410,0x00000000d8f80000)
 Metaspace       used 78725K, committed 80128K, reserved 1179648K
  class space    used 9588K, committed 10240K, reserved 1048576K
}
Event: 1021.297 GC heap after
{Heap after GC invocations=201 (full 9):
 PSYoungGen      total 48128K, used 9277K [0x00000000eab00000, 0x00000000eed00000, 0x0000000100000000)
  eden space 38400K, 0% used [0x00000000eab00000,0x00000000eab00000,0x00000000ed080000)
  from space 9728K, 95% used [0x00000000ee380000,0x00000000eec8f658,0x00000000eed00000)
  to   space 12288K, 0% used [0x00000000ed500000,0x00000000ed500000,0x00000000ee100000)
 ParOldGen       total 409088K, used 399622K [0x00000000c0000000, 0x00000000d8f80000, 0x00000000eab00000)
  object space 409088K, 97% used [0x00000000c0000000,0x00000000d8641998,0x00000000d8f80000)
 Metaspace       used 78725K, committed 80128K, reserved 1179648K
  class space    used 9588K, committed 10240K, reserved 1048576K
}
Event: 1022.124 GC heap before
{Heap before GC invocations=202 (full 10):
 PSYoungGen      total 48128K, used 47677K [0x00000000eab00000, 0x00000000eed00000, 0x0000000100000000)
  eden space 38400K, 100% used [0x00000000eab00000,0x00000000ed080000,0x00000000ed080000)
  from space 9728K, 95% used [0x00000000ee380000,0x00000000eec8f658,0x00000000eed00000)
  to   space 12288K, 0% used [0x00000000ed500000,0x00000000ed500000,0x00000000ee100000)
 ParOldGen       total 409088K, used 399622K [0x00000000c0000000, 0x00000000d8f80000, 0x00000000eab00000)
  object space 409088K, 97% used [0x00000000c0000000,0x00000000d8641998,0x00000000d8f80000)
 Metaspace       used 78726K, committed 80128K, reserved 1179648K
  class space    used 9588K, committed 10240K, reserved 1048576K
}

